<?xml version="1.0" encoding="UTF-8"?>
<!-- Generated by org.testng.reporters.JUnitReportReporter -->
<testsuite hostname="IND-AbhijitJ-Dell3410" failures="0" tests="13" name="CTT_Demo.ag_Grid_schema_skuQAchk" time="6.521" errors="1" timestamp="2024-07-27T12:25:04 IST" skipped="12">
  <testcase classname="CTT_Demo.ag_Grid_schema_skuQAchk" name="appLaunch" time="6.521">
    <error message="Could not start a new session. Response code 500. Message: session not created: This version of ChromeDriver only supports Chrome version 125
Current browser version is 127.0.6533.73 with binary path C:\Program Files\Google\Chrome\Application\chrome.exe 
Host info: host: &#039;IND-ABHIJITJ-DE&#039;, ip: &#039;192.168.43.40&#039;
Build info: version: &#039;4.21.0&#039;, revision: &#039;79ed462ef4&#039;
System info: os.name: &#039;Windows 11&#039;, os.arch: &#039;amd64&#039;, os.version: &#039;10.0&#039;, java.version: &#039;17.0.11&#039;
Driver info: org.openqa.selenium.chrome.ChromeDriver
Command: [null, newSession {capabilities=[Capabilities {browserName: chrome, goog:chromeOptions: {args: [--remote-allow-origins=*], extensions: []}}]}]" type="org.openqa.selenium.SessionNotCreatedException">
      <![CDATA[org.openqa.selenium.SessionNotCreatedException: Could not start a new session. Response code 500. Message: session not created: This version of ChromeDriver only supports Chrome version 125
Current browser version is 127.0.6533.73 with binary path C:\Program Files\Google\Chrome\Application\chrome.exe 
Host info: host: 'IND-ABHIJITJ-DE', ip: '192.168.43.40'
Build info: version: '4.21.0', revision: '79ed462ef4'
System info: os.name: 'Windows 11', os.arch: 'amd64', os.version: '10.0', java.version: '17.0.11'
Driver info: org.openqa.selenium.chrome.ChromeDriver
Command: [null, newSession {capabilities=[Capabilities {browserName: chrome, goog:chromeOptions: {args: [--remote-allow-origins=*], extensions: []}}]}]
at org.openqa.selenium.remote.ProtocolHandshake.createSession(ProtocolHandshake.java:114)
at org.openqa.selenium.remote.ProtocolHandshake.createSession(ProtocolHandshake.java:75)
at org.openqa.selenium.remote.ProtocolHandshake.createSession(ProtocolHandshake.java:61)
at org.openqa.selenium.remote.HttpCommandExecutor.execute(HttpCommandExecutor.java:162)
at org.openqa.selenium.remote.service.DriverCommandExecutor.invokeExecute(DriverCommandExecutor.java:216)
at org.openqa.selenium.remote.service.DriverCommandExecutor.execute(DriverCommandExecutor.java:174)
at org.openqa.selenium.remote.RemoteWebDriver.execute(RemoteWebDriver.java:518)
at org.openqa.selenium.remote.RemoteWebDriver.startSession(RemoteWebDriver.java:232)
at org.openqa.selenium.remote.RemoteWebDriver.<init>(RemoteWebDriver.java:161)
at org.openqa.selenium.chromium.ChromiumDriver.<init>(ChromiumDriver.java:114)
at org.openqa.selenium.chrome.ChromeDriver.<init>(ChromeDriver.java:88)
at org.openqa.selenium.chrome.ChromeDriver.<init>(ChromeDriver.java:83)
at org.openqa.selenium.chrome.ChromeDriver.<init>(ChromeDriver.java:72)
at CTT_Demo.ag_Grid_schema_skuQAchk.appLaunch(ag_Grid_schema_skuQAchk.java:41)
at java.base/jdk.internal.reflect.NativeMethodAccessorImpl.invoke0(Native Method)
at java.base/jdk.internal.reflect.NativeMethodAccessorImpl.invoke(NativeMethodAccessorImpl.java:77)
at java.base/jdk.internal.reflect.DelegatingMethodAccessorImpl.invoke(DelegatingMethodAccessorImpl.java:43)
at java.base/java.lang.reflect.Method.invoke(Method.java:568)
at org.testng.internal.invokers.MethodInvocationHelper.invokeMethod(MethodInvocationHelper.java:141)
at org.testng.internal.invokers.MethodInvocationHelper.invokeMethodConsideringTimeout(MethodInvocationHelper.java:71)
at org.testng.internal.invokers.ConfigInvoker.invokeConfigurationMethod(ConfigInvoker.java:400)
at org.testng.internal.invokers.ConfigInvoker.invokeConfigurations(ConfigInvoker.java:333)
at org.testng.SuiteRunner.privateRun(SuiteRunner.java:358)
at org.testng.SuiteRunner.run(SuiteRunner.java:312)
at org.testng.SuiteRunnerWorker.runSuite(SuiteRunnerWorker.java:52)
at org.testng.SuiteRunnerWorker.run(SuiteRunnerWorker.java:95)
at org.testng.TestNG.runSuitesSequentially(TestNG.java:1274)
at org.testng.TestNG.runSuitesLocally(TestNG.java:1208)
at org.testng.TestNG.runSuites(TestNG.java:1112)
at org.testng.TestNG.run(TestNG.java:1079)
at org.testng.remote.AbstractRemoteTestNG.run(AbstractRemoteTestNG.java:115)
at org.testng.remote.RemoteTestNG.initAndRun(RemoteTestNG.java:293)
at org.testng.remote.RemoteTestNG.main(RemoteTestNG.java:91)
]]>
    </error>
  </testcase> <!-- appLaunch -->
  <testcase classname="CTT_Demo.ag_Grid_schema_skuQAchk" name="CTT_Login_Page_Displayed_And_Enters_Login_Details" time="0.000">
    <skipped/>
  </testcase> <!-- CTT_Login_Page_Displayed_And_Enters_Login_Details -->
  <testcase classname="CTT_Demo.ag_Grid_schema_skuQAchk" name="Verify_Login_Person_Name" time="0.000">
    <skipped/>
  </testcase> <!-- Verify_Login_Person_Name -->
  <testcase classname="CTT_Demo.ag_Grid_schema_skuQAchk" name="open_Specific_Project" time="0.000">
    <skipped/>
  </testcase> <!-- open_Specific_Project -->
  <testcase classname="CTT_Demo.ag_Grid_schema_skuQAchk" name="Open_AGGrid_Screen" time="0.000">
    <skipped/>
  </testcase> <!-- Open_AGGrid_Screen -->
  <testcase classname="CTT_Demo.ag_Grid_schema_skuQAchk" name="Verify_The_QA_Checks_Ohm_v_Omega_in_Values_and_UOMs" time="0.000">
    <skipped/>
  </testcase> <!-- Verify_The_QA_Checks_Ohm_v_Omega_in_Values_and_UOMs -->
  <testcase classname="CTT_Demo.ag_Grid_schema_skuQAchk" name="Verify_The_QA_Checks_Dimensions_Without_Space_Separation" time="0.000">
    <skipped/>
  </testcase> <!-- Verify_The_QA_Checks_Dimensions_Without_Space_Separation -->
  <testcase classname="CTT_Demo.ag_Grid_schema_skuQAchk" name="Verify_The_QA_Checks_Value_Starts_With_Plus_Minus" time="0.000">
    <skipped/>
  </testcase> <!-- Verify_The_QA_Checks_Value_Starts_With_Plus_Minus -->
  <testcase classname="CTT_Demo.ag_Grid_schema_skuQAchk" name="Verify_The_QA_Checks_Metric_UOM_with_Fraction_Check" time="0.000">
    <skipped/>
  </testcase> <!-- Verify_The_QA_Checks_Metric_UOM_with_Fraction_Check -->
  <testcase classname="CTT_Demo.ag_Grid_schema_skuQAchk" name="Verify_The_QA_Checks_Text_with_Unit_of_Measure" time="0.000">
    <skipped/>
  </testcase> <!-- Verify_The_QA_Checks_Text_with_Unit_of_Measure -->
  <testcase classname="CTT_Demo.ag_Grid_schema_skuQAchk" name="Verify_The_QA_Checks_NA_NR_or_BlankCheck" time="0.000">
    <skipped/>
  </testcase> <!-- Verify_The_QA_Checks_NA_NR_or_BlankCheck -->
  <testcase classname="CTT_Demo.ag_Grid_schema_skuQAchk" name="Verify_The_QA_Checks_Single_Letter_Value" time="0.000">
    <skipped/>
  </testcase> <!-- Verify_The_QA_Checks_Single_Letter_Value -->
  <testcase classname="CTT_Demo.ag_Grid_schema_skuQAchk" name="Verify_The_QA_Checks_Wire_With_Hash_Check" time="0.000">
    <skipped/>
  </testcase> <!-- Verify_The_QA_Checks_Wire_With_Hash_Check -->
</testsuite> <!-- CTT_Demo.ag_Grid_schema_skuQAchk -->
